<?xml version="1.0" encoding="UTF-8"?>
<!-- Generated by org.testng.reporters.JUnitXMLReporter -->
<testsuite ignored="0" hostname="Vishal-ASUS" failures="0" tests="9" name="Test" time="19.91" errors="0" timestamp="2024-11-10T08:55:01 IST">
  <testcase classname="dockerRelatedStuff.ForParallelTest" name="Test01" time="5.982"/>
  <testcase classname="dockerRelatedStuff.ForParallelTest2" name="Test01" time="2.989"/>
  <testcase classname="dockerRelatedStuff.ForParallelTest" name="Test02" time="9.462"/>
  <testcase classname="dockerRelatedStuff.ForParallelTest" name="Test03" time="11.184"/>
  <testcase classname="dockerRelatedStuff.ForParallelTest3" name="Test01" time="3.292"/>
  <testcase classname="dockerRelatedStuff.ForParallelTest2" name="Test03" time="5.297"/>
  <testcase classname="dockerRelatedStuff.ForParallelTest2" name="Test02" time="6.046"/>
  <testcase classname="dockerRelatedStuff.ForParallelTest3" name="Test02" time="5.263"/>
  <testcase classname="dockerRelatedStuff.ForParallelTest3" name="Test03" time="5.111"/>
</testsuite> <!-- Test -->
